-------------------------------------------------------------------------------
Test set: auction.AuctionSystemTest
-------------------------------------------------------------------------------
Tests run: 10, Failures: 1, Errors: 8, Skipped: 0, Time elapsed: 0.179 s <<< FAILURE! -- in auction.AuctionSystemTest
auction.AuctionSystemTest.testAdminCancelWithPermission -- Time elapsed: 0.061 s <<< ERROR!
java.lang.UnsupportedOperationException: Not yet implemented
	at auction.model.Entity.<init>(Entity.java:39)
	at auction.model.user.User.<init>(User.java:39)
	at auction.model.user.Seller.<init>(Seller.java:40)
	at auction.AuctionSystemTest.createAndStartAuction(AuctionSystemTest.java:282)
	at auction.AuctionSystemTest.testAdminCancelWithPermission(AuctionSystemTest.java:248)
	at java.base/java.lang.reflect.Method.invoke(Method.java:580)
	at java.base/java.util.ArrayList.forEach(ArrayList.java:1596)
	at java.base/java.util.ArrayList.forEach(ArrayList.java:1596)

auction.AuctionSystemTest.testSellerCannotBidOnOwnAuction -- Time elapsed: 0.006 s <<< ERROR!
java.lang.UnsupportedOperationException: Not yet implemented
	at auction.model.Entity.<init>(Entity.java:39)
	at auction.model.user.User.<init>(User.java:39)
	at auction.model.user.Seller.<init>(Seller.java:40)
	at auction.AuctionSystemTest.testSellerCannotBidOnOwnAuction(AuctionSystemTest.java:225)
	at java.base/java.lang.reflect.Method.invoke(Method.java:580)
	at java.base/java.util.ArrayList.forEach(ArrayList.java:1596)
	at java.base/java.util.ArrayList.forEach(ArrayList.java:1596)

auction.AuctionSystemTest.testFullAuctionLifecycle -- Time elapsed: 0.005 s <<< ERROR!
java.lang.UnsupportedOperationException: Not yet implemented
	at auction.model.Entity.<init>(Entity.java:39)
	at auction.model.user.User.<init>(User.java:39)
	at auction.model.user.Seller.<init>(Seller.java:40)
	at auction.AuctionSystemTest.testFullAuctionLifecycle(AuctionSystemTest.java:131)
	at java.base/java.lang.reflect.Method.invoke(Method.java:580)
	at java.base/java.util.ArrayList.forEach(ArrayList.java:1596)
	at java.base/java.util.ArrayList.forEach(ArrayList.java:1596)

auction.AuctionSystemTest.testBidBelowCurrentHigh -- Time elapsed: 0.004 s <<< ERROR!
java.lang.UnsupportedOperationException: Not yet implemented
	at auction.model.Entity.<init>(Entity.java:39)
	at auction.model.user.User.<init>(User.java:39)
	at auction.model.user.Seller.<init>(Seller.java:40)
	at auction.AuctionSystemTest.createAndStartAuction(AuctionSystemTest.java:282)
	at auction.AuctionSystemTest.testBidBelowCurrentHigh(AuctionSystemTest.java:184)
	at java.base/java.lang.reflect.Method.invoke(Method.java:580)
	at java.base/java.util.ArrayList.forEach(ArrayList.java:1596)
	at java.base/java.util.ArrayList.forEach(ArrayList.java:1596)

auction.AuctionSystemTest.testInsufficientFunds -- Time elapsed: 0.007 s <<< ERROR!
java.lang.UnsupportedOperationException: Not yet implemented
	at auction.model.Entity.<init>(Entity.java:39)
	at auction.model.user.User.<init>(User.java:39)
	at auction.model.user.Seller.<init>(Seller.java:40)
	at auction.AuctionSystemTest.createAndStartAuction(AuctionSystemTest.java:282)
	at auction.AuctionSystemTest.testInsufficientFunds(AuctionSystemTest.java:199)
	at java.base/java.lang.reflect.Method.invoke(Method.java:580)
	at java.base/java.util.ArrayList.forEach(ArrayList.java:1596)
	at java.base/java.util.ArrayList.forEach(ArrayList.java:1596)

auction.AuctionSystemTest.testItemFactoryInvalidArgs -- Time elapsed: 0.010 s <<< FAILURE!
org.opentest4j.AssertionFailedError: Null ItemType should throw IllegalArgumentException ==> Unexpected exception type thrown, expected: <java.lang.IllegalArgumentException> but was: <java.lang.UnsupportedOperationException>
	at org.junit.jupiter.api.AssertionFailureBuilder.build(AssertionFailureBuilder.java:151)
	at org.junit.jupiter.api.AssertThrows.assertThrows(AssertThrows.java:67)
	at org.junit.jupiter.api.AssertThrows.assertThrows(AssertThrows.java:39)
	at org.junit.jupiter.api.Assertions.assertThrows(Assertions.java:3131)
	at auction.AuctionSystemTest.testItemFactoryInvalidArgs(AuctionSystemTest.java:113)
	at java.base/java.lang.reflect.Method.invoke(Method.java:580)
	at java.base/java.util.ArrayList.forEach(ArrayList.java:1596)
	at java.base/java.util.ArrayList.forEach(ArrayList.java:1596)
Caused by: java.lang.UnsupportedOperationException: Not yet implemented
	at auction.factory.ItemFactory.createItem(ItemFactory.java:69)
	at auction.AuctionSystemTest.lambda$testItemFactoryInvalidArgs$0(AuctionSystemTest.java:114)
	at org.junit.jupiter.api.AssertThrows.assertThrows(AssertThrows.java:53)
	... 6 more

auction.AuctionSystemTest.testBidOnClosedAuction -- Time elapsed: 0.004 s <<< ERROR!
java.lang.UnsupportedOperationException: Not yet implemented
	at auction.model.Entity.<init>(Entity.java:39)
	at auction.model.user.User.<init>(User.java:39)
	at auction.model.user.Seller.<init>(Seller.java:40)
	at auction.AuctionSystemTest.createAndStartAuction(AuctionSystemTest.java:282)
	at auction.AuctionSystemTest.testBidOnClosedAuction(AuctionSystemTest.java:211)
	at java.base/java.lang.reflect.Method.invoke(Method.java:580)
	at java.base/java.util.ArrayList.forEach(ArrayList.java:1596)
	at java.base/java.util.ArrayList.forEach(ArrayList.java:1596)

auction.AuctionSystemTest.testItemFactoryAndPolymorphism -- Time elapsed: 0.005 s <<< ERROR!
java.lang.UnsupportedOperationException: Not yet implemented
	at auction.factory.ItemFactory.createItem(ItemFactory.java:69)
	at auction.AuctionSystemTest.testItemFactoryAndPolymorphism(AuctionSystemTest.java:79)
	at java.base/java.lang.reflect.Method.invoke(Method.java:580)
	at java.base/java.util.ArrayList.forEach(ArrayList.java:1596)
	at java.base/java.util.ArrayList.forEach(ArrayList.java:1596)

auction.AuctionSystemTest.testAdminCancelWithoutPermission -- Time elapsed: 0.002 s <<< ERROR!
java.lang.UnsupportedOperationException: Not yet implemented
	at auction.model.Entity.<init>(Entity.java:39)
	at auction.model.user.User.<init>(User.java:39)
	at auction.model.user.Seller.<init>(Seller.java:40)
	at auction.AuctionSystemTest.createAndStartAuction(AuctionSystemTest.java:282)
	at auction.AuctionSystemTest.testAdminCancelWithoutPermission(AuctionSystemTest.java:263)
	at java.base/java.lang.reflect.Method.invoke(Method.java:580)
	at java.base/java.util.ArrayList.forEach(ArrayList.java:1596)
	at java.base/java.util.ArrayList.forEach(ArrayList.java:1596)

