<?xml version="1.0" encoding="UTF-8"?>
<testsuite xmlns:xsi="http://www.w3.org/2001/XMLSchema-instance" xsi:noNamespaceSchemaLocation="https://maven.apache.org/surefire/maven-surefire-plugin/xsd/surefire-test-report-3.0.xsd" version="3.0" name="auction.AuctionSystemTest" time="0.179" tests="10" errors="8" skipped="0" failures="1">
  <properties>
[...]
</properties>
  <testcase name="testAdminCancelWithPermission" classname="auction.AuctionSystemTest" time="0.061">
    <error message="Not yet implemented" type="java.lang.UnsupportedOperationException"><![CDATA[java.lang.UnsupportedOperationException: Not yet implemented
	at auction.model.Entity.<init>(Entity.java:39)
	at auction.model.user.User.<init>(User.java:39)
	at auction.model.user.Seller.<init>(Seller.java:40)
	at auction.AuctionSystemTest.createAndStartAuction(AuctionSystemTest.java:282)
	at auction.AuctionSystemTest.testAdminCancelWithPermission(AuctionSystemTest.java:248)
	at java.base/java.lang.reflect.Method.invoke(Method.java:580)
	at java.base/java.util.ArrayList.forEach(ArrayList.java:1596)
	at java.base/java.util.ArrayList.forEach(ArrayList.java:1596)
]]></error>
  </testcase>
  <testcase name="testSellerCannotBidOnOwnAuction" classname="auction.AuctionSystemTest" time="0.006">
    <error message="Not yet implemented" type="java.lang.UnsupportedOperationException"><![CDATA[java.lang.UnsupportedOperationException: Not yet implemented
	at auction.model.Entity.<init>(Entity.java:39)
	at auction.model.user.User.<init>(User.java:39)
	at auction.model.user.Seller.<init>(Seller.java:40)
	at auction.AuctionSystemTest.testSellerCannotBidOnOwnAuction(AuctionSystemTest.java:225)
	at java.base/java.lang.reflect.Method.invoke(Method.java:580)
	at java.base/java.util.ArrayList.forEach(ArrayList.java:1596)
	at java.base/java.util.ArrayList.forEach(ArrayList.java:1596)
]]></error>
  </testcase>
  <testcase name="testFullAuctionLifecycle" classname="auction.AuctionSystemTest" time="0.005">
    <error message="Not yet implemented" type="java.lang.UnsupportedOperationException"><![CDATA[java.lang.UnsupportedOperationException: Not yet implemented
	at auction.model.Entity.<init>(Entity.java:39)
	at auction.model.user.User.<init>(User.java:39)
	at auction.model.user.Seller.<init>(Seller.java:40)
	at auction.AuctionSystemTest.testFullAuctionLifecycle(AuctionSystemTest.java:131)
	at java.base/java.lang.reflect.Method.invoke(Method.java:580)
	at java.base/java.util.ArrayList.forEach(ArrayList.java:1596)
	at java.base/java.util.ArrayList.forEach(ArrayList.java:1596)
]]></error>
  </testcase>
  <testcase name="testBidBelowCurrentHigh" classname="auction.AuctionSystemTest" time="0.004">
    <error message="Not yet implemented" type="java.lang.UnsupportedOperationException"><![CDATA[java.lang.UnsupportedOperationException: Not yet implemented
	at auction.model.Entity.<init>(Entity.java:39)
	at auction.model.user.User.<init>(User.java:39)
	at auction.model.user.Seller.<init>(Seller.java:40)
	at auction.AuctionSystemTest.createAndStartAuction(AuctionSystemTest.java:282)
	at auction.AuctionSystemTest.testBidBelowCurrentHigh(AuctionSystemTest.java:184)
	at java.base/java.lang.reflect.Method.invoke(Method.java:580)
	at java.base/java.util.ArrayList.forEach(ArrayList.java:1596)
	at java.base/java.util.ArrayList.forEach(ArrayList.java:1596)
]]></error>
  </testcase>
  <testcase name="testInsufficientFunds" classname="auction.AuctionSystemTest" time="0.007">
    <error message="Not yet implemented" type="java.lang.UnsupportedOperationException"><![CDATA[java.lang.UnsupportedOperationException: Not yet implemented
	at auction.model.Entity.<init>(Entity.java:39)
	at auction.model.user.User.<init>(User.java:39)
	at auction.model.user.Seller.<init>(Seller.java:40)
	at auction.AuctionSystemTest.createAndStartAuction(AuctionSystemTest.java:282)
	at auction.AuctionSystemTest.testInsufficientFunds(AuctionSystemTest.java:199)
	at java.base/java.lang.reflect.Method.invoke(Method.java:580)
	at java.base/java.util.ArrayList.forEach(ArrayList.java:1596)
	at java.base/java.util.ArrayList.forEach(ArrayList.java:1596)
]]></error>
  </testcase>
  <testcase name="testItemFactoryInvalidArgs" classname="auction.AuctionSystemTest" time="0.01">
    <failure message="Null ItemType should throw IllegalArgumentException ==&gt; Unexpected exception type thrown, expected: &lt;java.lang.IllegalArgumentException&gt; but was: &lt;java.lang.UnsupportedOperationException&gt;" type="org.opentest4j.AssertionFailedError"><![CDATA[org.opentest4j.AssertionFailedError: Null ItemType should throw IllegalArgumentException ==> Unexpected exception type thrown, expected: <java.lang.IllegalArgumentException> but was: <java.lang.UnsupportedOperationException>
	at org.junit.jupiter.api.AssertionFailureBuilder.build(AssertionFailureBuilder.java:151)
	at org.junit.jupiter.api.AssertThrows.assertThrows(AssertThrows.java:67)
	at org.junit.jupiter.api.AssertThrows.assertThrows(AssertThrows.java:39)
	at org.junit.jupiter.api.Assertions.assertThrows(Assertions.java:3131)
	at auction.AuctionSystemTest.testItemFactoryInvalidArgs(AuctionSystemTest.java:113)
	at java.base/java.lang.reflect.Method.invoke(Method.java:580)
	at java.base/java.util.ArrayList.forEach(ArrayList.java:1596)
	at java.base/java.util.ArrayList.forEach(ArrayList.java:1596)
Caused by: java.lang.UnsupportedOperationException: Not yet implemented
	at auction.factory.ItemFactory.createItem(ItemFactory.java:69)
	at auction.AuctionSystemTest.lambda$testItemFactoryInvalidArgs$0(AuctionSystemTest.java:114)
	at org.junit.jupiter.api.AssertThrows.assertThrows(AssertThrows.java:53)
	... 6 more
]]></failure>
  </testcase>
  <testcase name="testBidOnClosedAuction" classname="auction.AuctionSystemTest" time="0.004">
    <error message="Not yet implemented" type="java.lang.UnsupportedOperationException"><![CDATA[java.lang.UnsupportedOperationException: Not yet implemented
	at auction.model.Entity.<init>(Entity.java:39)
	at auction.model.user.User.<init>(User.java:39)
	at auction.model.user.Seller.<init>(Seller.java:40)
	at auction.AuctionSystemTest.createAndStartAuction(AuctionSystemTest.java:282)
	at auction.AuctionSystemTest.testBidOnClosedAuction(AuctionSystemTest.java:211)
	at java.base/java.lang.reflect.Method.invoke(Method.java:580)
	at java.base/java.util.ArrayList.forEach(ArrayList.java:1596)
	at java.base/java.util.ArrayList.forEach(ArrayList.java:1596)
]]></error>
  </testcase>
  <testcase name="testItemFactoryAndPolymorphism" classname="auction.AuctionSystemTest" time="0.005">
    <error message="Not yet implemented" type="java.lang.UnsupportedOperationException"><![CDATA[java.lang.UnsupportedOperationException: Not yet implemented
	at auction.factory.ItemFactory.createItem(ItemFactory.java:69)
	at auction.AuctionSystemTest.testItemFactoryAndPolymorphism(AuctionSystemTest.java:79)
	at java.base/java.lang.reflect.Method.invoke(Method.java:580)
	at java.base/java.util.ArrayList.forEach(ArrayList.java:1596)
	at java.base/java.util.ArrayList.forEach(ArrayList.java:1596)
]]></error>
  </testcase>
  <testcase name="testAdminCancelWithoutPermission" classname="auction.AuctionSystemTest" time="0.002">
    <error message="Not yet implemented" type="java.lang.UnsupportedOperationException"><![CDATA[java.lang.UnsupportedOperationException: Not yet implemented
	at auction.model.Entity.<init>(Entity.java:39)
	at auction.model.user.User.<init>(User.java:39)
	at auction.model.user.Seller.<init>(Seller.java:40)
	at auction.AuctionSystemTest.createAndStartAuction(AuctionSystemTest.java:282)
	at auction.AuctionSystemTest.testAdminCancelWithoutPermission(AuctionSystemTest.java:263)
	at java.base/java.lang.reflect.Method.invoke(Method.java:580)
	at java.base/java.util.ArrayList.forEach(ArrayList.java:1596)
	at java.base/java.util.ArrayList.forEach(ArrayList.java:1596)
]]></error>
  </testcase>
  <testcase name="testSingletonIdentity" classname="auction.AuctionSystemTest" time="0.001"/>
</testsuite>